==============================================================================
Suites                                                                        
==============================================================================
Suites.GetallLinks                                                            
==============================================================================
GetAllLinkTest                                                        16
Home
Flights
Hotels
Car Rentals
Cruises
Destinations
Vacations
SIGN-ON
REGISTER
SUPPORT
CONTACT
your destination
featured vacation destinations
Register here
Business Travel @ About.com
Salon Travel
| PASS |
------------------------------------------------------------------------------
Suites.GetallLinks                                                    | PASS |
1 test, 1 passed, 0 failed
==============================================================================
Suites                                                                | PASS |
1 test, 1 passed, 0 failed
==============================================================================
Output:  C:\Users\Saurabh\PycharmProjects\Automation\Results\pabot_results\8\output.xml
