1662008963196	geckodriver	INFO	Listening on 127.0.0.1:50365
1662008966321	mozrunner::runner	INFO	Running command: "C:\\Program Files\\Mozilla Firefox\\firefox.exe" "--marionette" "--remote-debugging-port" "50366" "--remote-allow-hosts" "localhost" "-no-remote" "-profile" "C:\\Windows\\SystemTemp\\rust_mozprofilezZP0D3"
1662008966963	Marionette	INFO	Marionette enabled
1662008966968	Marionette	INFO	Listening on port 50376
WebDriver BiDi listening on ws://localhost:50366
Read port: 50376
1662008967141	RemoteAgent	WARN	TLS certificate errors will be ignored for this session
[GFX1-]: RcANGLE(no compositor window)
[GFX1-]: Failed to connect WebRenderBridgeChild. isParent=true
[GFX1-]: Fallback WR to SW-WR + D3D11
[GFX1-]: [D3D11] create swap chain failed: 0x887a0022, 0
[GFX1-]: Failed to initialize CompositorD3D11 for SWGL: FEATURE_FAILURE_D3D11_SWAP_CHAIN
console.warn: SearchSettings: "get: No settings file exists, new profile?" (new NotFoundError("Could not open the file at C:\\Windows\\SystemTemp\\rust_mozprofilezZP0D3\\search.json.mozlz4", (void 0)))
DevTools listening on ws://localhost:50366/devtools/browser/d860876a-b22f-4081-99e0-03954bea6f62
console.error: services.settings: 
  main/query-stripping Signature failed  InvalidSignatureError: Invalid content signature (main/query-stripping)
console.error: services.settings: 
  main/query-stripping local data was corrupted
console.warn: services.settings: main/query-stripping Signature verified failed. Retry from scratch
console.error: services.settings: 
  main/query-stripping Signature failed again InvalidSignatureError: Invalid content signature (main/query-stripping)
