1662008841215	geckodriver	INFO	Listening on 127.0.0.1:49790
1662008844277	mozrunner::runner	INFO	Running command: "C:\\Program Files\\Mozilla Firefox\\firefox.exe" "--marionette" "--remote-debugging-port" "49791" "--remote-allow-hosts" "localhost" "-no-remote" "-profile" "C:\\Windows\\SystemTemp\\rust_mozprofileCQmUAq"
1662008844936	Marionette	INFO	Marionette enabled
1662008844946	Marionette	INFO	Listening on port 49800
WebDriver BiDi listening on ws://localhost:49791
Read port: 49800
1662008845158	RemoteAgent	WARN	TLS certificate errors will be ignored for this session
[GFX1-]: RcANGLE(no compositor window)
[GFX1-]: Failed to connect WebRenderBridgeChild. isParent=true
[GFX1-]: Fallback WR to SW-WR + D3D11
[GFX1-]: [D3D11] create swap chain failed: 0x887a0022, 0
[GFX1-]: Failed to initialize CompositorD3D11 for SWGL: FEATURE_FAILURE_D3D11_SWAP_CHAIN
console.warn: SearchSettings: "get: No settings file exists, new profile?" (new NotFoundError("Could not open the file at C:\\Windows\\SystemTemp\\rust_mozprofileCQmUAq\\search.json.mozlz4", (void 0)))
console.error: services.settings: 
  main/query-stripping Signature failed  InvalidSignatureError: Invalid content signature (main/query-stripping)
console.error: services.settings: 
  main/query-stripping local data was corrupted
console.warn: services.settings: main/query-stripping Signature verified failed. Retry from scratch
console.error: services.settings: 
  main/query-stripping Signature failed again InvalidSignatureError: Invalid content signature (main/query-stripping)
DevTools listening on ws://localhost:49791/devtools/browser/5c89da42-8d1e-4165-a807-a50a5709e9b3
JavaScript warning: https://demowebshop.tricentis.com/Scripts/jquery-1.10.2.min.js, line 19: Using //@ to indicate sourceMappingURL pragmas is deprecated. Use //# instead
